2021-08-11 14:24:58,083 INFO  [org.jboss.as.connector.subsystems.datasources] (MSC service thread 1-6) WFLYJCA0001: Bound data source [java:jboss/datasources/ExampleDS]
2021-08-11 14:24:58,083 INFO  [org.jboss.as.connector.subsystems.datasources] (MSC service thread 1-1) WFLYJCA0001: Bound data source [java:jboss/datasources/KeycloakDS]
2021-08-11 14:24:58,654 INFO  [org.wildfly.extension.undertow] (MSC service thread 1-7) WFLYUT0006: Undertow HTTPS listener https listening on 127.0.0.1:8543
2021-08-11 14:24:59,611 INFO  [org.infinispan.CONTAINER] (ServerService Thread Pool -- 55) ISPN000128: Infinispan version: Infinispan 'Corona Extra' 11.0.9.Final
2021-08-11 14:24:59,686 INFO  [org.infinispan.CONFIG] (MSC service thread 1-6) ISPN000152: Passivation configured without an eviction policy being selected. Only manually evicted entities will be passivated.
2021-08-11 14:24:59,688 INFO  [org.infinispan.CONFIG] (MSC service thread 1-6) ISPN000152: Passivation configured without an eviction policy being selected. Only manually evicted entities will be passivated.
2021-08-11 14:24:59,791 INFO  [org.infinispan.PERSISTENCE] (ServerService Thread Pool -- 55) ISPN000556: Starting user marshaller 'org.wildfly.clustering.infinispan.marshalling.jboss.JBossMarshaller'
2021-08-11 14:24:59,791 INFO  [org.infinispan.PERSISTENCE] (ServerService Thread Pool -- 54) ISPN000556: Starting user marshaller 'org.wildfly.clustering.infinispan.spi.marshalling.InfinispanProtoStreamMarshaller'
2021-08-11 14:25:00,101 INFO  [org.jboss.as.clustering.infinispan] (ServerService Thread Pool -- 54) WFLYCLINF0002: Started http-remoting-connector cache from ejb container
2021-08-11 14:25:00,120 INFO  [org.jboss.as.clustering.infinispan] (ServerService Thread Pool -- 60) WFLYCLINF0002: Started offlineSessions cache from keycloak container
2021-08-11 14:25:00,121 INFO  [org.jboss.as.clustering.infinispan] (ServerService Thread Pool -- 59) WFLYCLINF0002: Started loginFailures cache from keycloak container
2021-08-11 14:25:00,121 INFO  [org.jboss.as.clustering.infinispan] (ServerService Thread Pool -- 66) WFLYCLINF0002: Started work cache from keycloak container
2021-08-11 14:25:00,129 INFO  [org.jboss.as.clustering.infinispan] (ServerService Thread Pool -- 62) WFLYCLINF0002: Started actionTokens cache from keycloak container
2021-08-11 14:25:00,129 INFO  [org.jboss.as.clustering.infinispan] (ServerService Thread Pool -- 57) WFLYCLINF0002: Started authenticationSessions cache from keycloak container
2021-08-11 14:25:00,132 INFO  [org.jboss.as.clustering.infinispan] (ServerService Thread Pool -- 58) WFLYCLINF0002: Started offlineClientSessions cache from keycloak container
2021-08-11 14:25:00,133 INFO  [org.jboss.as.clustering.infinispan] (ServerService Thread Pool -- 63) WFLYCLINF0002: Started clientSessions cache from keycloak container
2021-08-11 14:25:00,133 INFO  [org.jboss.as.clustering.infinispan] (ServerService Thread Pool -- 55) WFLYCLINF0002: Started sessions cache from keycloak container
2021-08-11 14:25:00,182 INFO  [org.jboss.as.clustering.infinispan] (ServerService Thread Pool -- 56) WFLYCLINF0002: Started realms cache from keycloak container
2021-08-11 14:25:00,183 INFO  [org.jboss.as.clustering.infinispan] (ServerService Thread Pool -- 65) WFLYCLINF0002: Started users cache from keycloak container
2021-08-11 14:25:00,183 INFO  [org.jboss.as.clustering.infinispan] (ServerService Thread Pool -- 61) WFLYCLINF0002: Started keys cache from keycloak container
2021-08-11 14:25:00,184 INFO  [org.jboss.as.clustering.infinispan] (ServerService Thread Pool -- 64) WFLYCLINF0002: Started authorization cache from keycloak container
2021-08-11 14:25:00,396 WARN  [org.jboss.as.server.deployment] (MSC service thread 1-4) WFLYSRV0273: Excluded subsystem webservices via jboss-deployment-structure.xml does not exist.
2021-08-11 14:25:01,327 INFO  [org.keycloak.services] (ServerService Thread Pool -- 56) KC-SERVICES0001: Loading config from standalone.xml or domain.xml
2021-08-11 14:25:01,625 INFO  [org.keycloak.url.DefaultHostnameProviderFactory] (ServerService Thread Pool -- 56) Frontend: <request>, Admin: <frontend>, Backend: <request>
2021-08-11 14:25:02,151 INFO  [org.jboss.as.clustering.infinispan] (ServerService Thread Pool -- 56) WFLYCLINF0002: Started realmRevisions cache from keycloak container
2021-08-11 14:25:02,156 INFO  [org.jboss.as.clustering.infinispan] (ServerService Thread Pool -- 56) WFLYCLINF0002: Started userRevisions cache from keycloak container
2021-08-11 14:25:02,162 INFO  [org.jboss.as.clustering.infinispan] (ServerService Thread Pool -- 56) WFLYCLINF0002: Started authorizationRevisions cache from keycloak container
2021-08-11 14:25:02,164 INFO  [org.keycloak.connections.infinispan.DefaultInfinispanConnectionProviderFactory] (ServerService Thread Pool -- 56) Node name: ltus149735, Site name: null
2021-08-11 14:25:03,928 INFO  [org.keycloak.connections.jpa.DefaultJpaConnectionProviderFactory] (ServerService Thread Pool -- 56) Database info: {databaseUrl=jdbc:h2:C:\Users\950210\EnablementTwo\keycloak-15.0.1\standalone\data/keycloak, databaseUser=SA, databaseProduct=H2 1.4.197 (2018-03-18), databaseDriver=H2 JDBC Driver 1.4.197 (2018-03-18)}
2021-08-11 14:25:06,743 INFO  [org.keycloak.connections.jpa.updater.liquibase.LiquibaseJpaUpdaterProvider] (ServerService Thread Pool -- 56) Initializing database schema. Using changelog META-INF/jpa-changelog-master.xml
2021-08-11 14:25:10,137 INFO  [org.hibernate.jpa.internal.util.LogHelper] (ServerService Thread Pool -- 56) HHH000204: Processing PersistenceUnitInfo [
	name: keycloak-default
	...]
2021-08-11 14:25:10,291 INFO  [org.hibernate.Version] (ServerService Thread Pool -- 56) HHH000412: Hibernate Core {5.3.20.Final}
2021-08-11 14:25:10,294 INFO  [org.hibernate.cfg.Environment] (ServerService Thread Pool -- 56) HHH000206: hibernate.properties not found
2021-08-11 14:25:10,556 INFO  [org.hibernate.annotations.common.Version] (ServerService Thread Pool -- 56) HCANN000001: Hibernate Commons Annotations {5.0.5.Final}
2021-08-11 14:25:10,863 INFO  [org.hibernate.dialect.Dialect] (ServerService Thread Pool -- 56) HHH000400: Using dialect: org.hibernate.dialect.H2Dialect
2021-08-11 14:25:10,925 INFO  [org.hibernate.envers.boot.internal.EnversServiceImpl] (ServerService Thread Pool -- 56) Envers integration enabled? : true
2021-08-11 14:25:11,660 INFO  [org.hibernate.orm.beans] (ServerService Thread Pool -- 56) HHH10005002: No explicit CDI BeanManager reference was passed to Hibernate, but CDI is available on the Hibernate ClassLoader.
2021-08-11 14:25:11,748 INFO  [org.hibernate.validator.internal.util.Version] (ServerService Thread Pool -- 56) HV000001: Hibernate Validator 6.0.22.Final
2021-08-11 14:25:13,786 INFO  [org.hibernate.hql.internal.QueryTranslatorFactoryInitiator] (ServerService Thread Pool -- 56) HHH000397: Using ASTQueryTranslatorFactory
2021-08-11 14:25:14,628 INFO  [org.keycloak.services] (ServerService Thread Pool -- 56) KC-SERVICES0050: Initializing master realm
2021-08-11 14:25:17,058 INFO  [org.jboss.resteasy.resteasy_jaxrs.i18n] (ServerService Thread Pool -- 56) RESTEASY002225: Deploying javax.ws.rs.core.Application: class org.keycloak.services.resources.KeycloakApplication
2021-08-11 14:25:17,061 INFO  [org.jboss.resteasy.resteasy_jaxrs.i18n] (ServerService Thread Pool -- 56) RESTEASY002200: Adding class resource org.keycloak.services.resources.JsResource from Application class org.keycloak.services.resources.KeycloakApplication
2021-08-11 14:25:17,062 INFO  [org.jboss.resteasy.resteasy_jaxrs.i18n] (ServerService Thread Pool -- 56) RESTEASY002200: Adding class resource org.keycloak.services.resources.ThemeResource from Application class org.keycloak.services.resources.KeycloakApplication
2021-08-11 14:25:17,062 INFO  [org.jboss.resteasy.resteasy_jaxrs.i18n] (ServerService Thread Pool -- 56) RESTEASY002205: Adding provider class org.keycloak.services.error.KeycloakErrorHandler from Application class org.keycloak.services.resources.KeycloakApplication
2021-08-11 14:25:17,064 INFO  [org.jboss.resteasy.resteasy_jaxrs.i18n] (ServerService Thread Pool -- 56) RESTEASY002205: Adding provider class org.keycloak.services.filters.KeycloakSecurityHeadersFilter from Application class org.keycloak.services.resources.KeycloakApplication
2021-08-11 14:25:17,065 INFO  [org.jboss.resteasy.resteasy_jaxrs.i18n] (ServerService Thread Pool -- 56) RESTEASY002220: Adding singleton resource org.keycloak.services.resources.RobotsResource from Application class org.keycloak.services.resources.KeycloakApplication
2021-08-11 14:25:17,065 INFO  [org.jboss.resteasy.resteasy_jaxrs.i18n] (ServerService Thread Pool -- 56) RESTEASY002220: Adding singleton resource org.keycloak.services.resources.admin.AdminRoot from Application class org.keycloak.services.resources.KeycloakApplication
2021-08-11 14:25:17,065 INFO  [org.jboss.resteasy.resteasy_jaxrs.i18n] (ServerService Thread Pool -- 56) RESTEASY002220: Adding singleton resource org.keycloak.services.resources.WelcomeResource from Application class org.keycloak.services.resources.KeycloakApplication
2021-08-11 14:25:17,066 INFO  [org.jboss.resteasy.resteasy_jaxrs.i18n] (ServerService Thread Pool -- 56) RESTEASY002220: Adding singleton resource org.keycloak.services.resources.RealmsResource from Application class org.keycloak.services.resources.KeycloakApplication
2021-08-11 14:25:17,066 INFO  [org.jboss.resteasy.resteasy_jaxrs.i18n] (ServerService Thread Pool -- 56) RESTEASY002210: Adding provider singleton org.keycloak.services.util.ObjectMapperResolver from Application class org.keycloak.services.resources.KeycloakApplication
2021-08-11 14:25:17,210 INFO  [org.wildfly.extension.undertow] (ServerService Thread Pool -- 56) WFLYUT0021: Registered web context: '/auth' for server 'default-server'
2021-08-11 14:25:17,358 INFO  [org.jboss.as.server] (ServerService Thread Pool -- 43) WFLYSRV0010: Deployed "keycloak-server.war" (runtime-name : "keycloak-server.war")
2021-08-11 14:25:17,537 INFO  [org.jboss.as.server] (Controller Boot Thread) WFLYSRV0212: Resuming server
2021-08-11 14:25:17,540 INFO  [org.jboss.as] (Controller Boot Thread) WFLYSRV0025: Keycloak 15.0.1 (WildFly Core 15.0.1.Final) started in 25213ms - Started 594 of 872 services (584 services are lazy, passive or on-demand)
2021-08-11 14:25:17,553 INFO  [org.jboss.as] (Controller Boot Thread) WFLYSRV0060: Http management interface listening on http://127.0.0.1:10090/management
2021-08-11 14:25:17,554 INFO  [org.jboss.as] (Controller Boot Thread) WFLYSRV0051: Admin console listening on http://127.0.0.1:10090
2021-08-11 14:26:45,465 INFO  [org.keycloak.services] (default task-1) KC-SERVICES0077: Created initial admin user with username initial1
2021-08-11 15:36:40,244 WARN  [org.keycloak.events] (default task-15) type=LOGIN_ERROR, realmId=master, clientId=security-admin-console, userId=null, ipAddress=127.0.0.1, error=user_not_found, auth_method=openid-connect, auth_type=code, redirect_uri=http://localhost:8180/auth/admin/master/console/#/realms/SpringBootKeyCloak/users/48439615-b423-4150-ae27-f0e53b4d07b0/role-mappings, code_id=ec00432b-47ed-4e24-90aa-2a11c03e7e00, username=frootloops, authSessionParentId=ec00432b-47ed-4e24-90aa-2a11c03e7e00, authSessionTabId=okbsNf5oUsI
2021-08-11 15:43:17,041 WARN  [org.keycloak.events] (default task-11) type=LOGIN_ERROR, realmId=master, clientId=security-admin-console, userId=null, ipAddress=127.0.0.1, error=user_not_found, auth_method=openid-connect, auth_type=code, redirect_uri=http://localhost:8180/auth/admin/master/console/#/realms/SpringBootKeyCloak/token-settings, code_id=81d5d580-b024-48a7-b19e-36b560ebbebf, username=frootloops, authSessionParentId=81d5d580-b024-48a7-b19e-36b560ebbebf, authSessionTabId=lOTn1Xx2DhM
2021-08-11 15:59:17,351 INFO  [org.jboss.as.server] (Thread-2) WFLYSRV0272: Suspending server
2021-08-11 15:59:17,357 INFO  [org.jboss.as.ejb3] (Thread-2) WFLYEJB0493: Jakarta Enterprise Beans subsystem suspension complete
2021-08-11 15:59:17,363 INFO  [org.jboss.as.server] (Thread-2) WFLYSRV0220: Server shutdown has been requested via an OS signal
2021-08-11 15:59:17,421 INFO  [org.jboss.as.mail.extension] (MSC service thread 1-7) WFLYMAIL0002: Unbound mail session [java:jboss/mail/Default]
2021-08-11 15:59:17,419 INFO  [org.jboss.as.connector.subsystems.datasources] (MSC service thread 1-5) WFLYJCA0010: Unbound data source [java:jboss/datasources/KeycloakDS]
2021-08-11 15:59:17,436 INFO  [org.wildfly.extension.undertow] (MSC service thread 1-5) WFLYUT0008: Undertow HTTPS listener https suspending
2021-08-11 15:59:17,438 INFO  [org.wildfly.extension.undertow] (MSC service thread 1-5) WFLYUT0007: Undertow HTTPS listener https stopped, was bound to 127.0.0.1:8543
2021-08-11 15:59:17,439 INFO  [org.wildfly.extension.undertow] (ServerService Thread Pool -- 69) WFLYUT0022: Unregistered web context: '/auth' from server 'default-server'
2021-08-11 15:59:17,465 INFO  [org.jboss.as.connector.subsystems.datasources] (MSC service thread 1-3) WFLYJCA0010: Unbound data source [java:jboss/datasources/ExampleDS]
2021-08-11 15:59:17,466 INFO  [org.jboss.as.connector.deployers.jdbc] (MSC service thread 1-7) WFLYJCA0019: Stopped Driver service with driver-name = h2
2021-08-11 15:59:17,470 INFO  [org.wildfly.extension.undertow] (MSC service thread 1-5) WFLYUT0019: Host default-host stopping
2021-08-11 15:59:17,489 INFO  [org.jboss.as.clustering.infinispan] (ServerService Thread Pool -- 71) WFLYCLINF0003: Stopped actionTokens cache from keycloak container
2021-08-11 15:59:17,503 INFO  [org.wildfly.extension.undertow] (MSC service thread 1-5) WFLYUT0008: Undertow HTTP listener default suspending
2021-08-11 15:59:17,515 INFO  [org.jboss.as.clustering.infinispan] (ServerService Thread Pool -- 69) WFLYCLINF0003: Stopped work cache from keycloak container
2021-08-11 15:59:17,518 INFO  [org.wildfly.extension.undertow] (MSC service thread 1-5) WFLYUT0007: Undertow HTTP listener default stopped, was bound to 127.0.0.1:8180
2021-08-11 15:59:17,520 INFO  [org.jboss.as.clustering.infinispan] (ServerService Thread Pool -- 70) WFLYCLINF0003: Stopped loginFailures cache from keycloak container
2021-08-11 15:59:17,521 INFO  [org.jboss.as.server.deployment] (MSC service thread 1-7) WFLYSRV0028: Stopped deployment keycloak-server.war (runtime-name: keycloak-server.war) in 152ms
2021-08-11 15:59:17,523 INFO  [org.wildfly.extension.undertow] (MSC service thread 1-2) WFLYUT0004: Undertow 2.2.5.Final stopping
2021-08-11 15:59:17,529 INFO  [org.jboss.as.clustering.infinispan] (ServerService Thread Pool -- 80) WFLYCLINF0003: Stopped offlineClientSessions cache from keycloak container
2021-08-11 15:59:17,529 INFO  [org.jboss.as.clustering.infinispan] (ServerService Thread Pool -- 9) WFLYCLINF0003: Stopped clientSessions cache from keycloak container
2021-08-11 15:59:17,530 INFO  [org.jboss.as.clustering.infinispan] (ServerService Thread Pool -- 78) WFLYCLINF0003: Stopped authenticationSessions cache from keycloak container
2021-08-11 15:59:17,530 INFO  [org.jboss.as.clustering.infinispan] (ServerService Thread Pool -- 73) WFLYCLINF0003: Stopped sessions cache from keycloak container
2021-08-11 15:59:17,531 INFO  [org.jboss.as.clustering.infinispan] (ServerService Thread Pool -- 76) WFLYCLINF0003: Stopped offlineSessions cache from keycloak container
2021-08-11 15:59:17,536 INFO  [org.jboss.as.clustering.infinispan] (ServerService Thread Pool -- 77) WFLYCLINF0003: Stopped keys cache from keycloak container
2021-08-11 15:59:17,550 INFO  [org.jboss.as.clustering.infinispan] (ServerService Thread Pool -- 75) WFLYCLINF0003: Stopped users cache from keycloak container
2021-08-11 15:59:17,550 INFO  [org.jboss.as.clustering.infinispan] (ServerService Thread Pool -- 79) WFLYCLINF0003: Stopped authorization cache from keycloak container
2021-08-11 15:59:17,552 INFO  [org.jboss.as.clustering.infinispan] (ServerService Thread Pool -- 74) WFLYCLINF0003: Stopped realms cache from keycloak container
2021-08-11 15:59:17,553 INFO  [org.infinispan.manager.DefaultCacheManager] (ServerService Thread Pool -- 74) Stopping cache manager null on null
2021-08-11 15:59:17,655 INFO  [org.jboss.as.clustering.infinispan] (ServerService Thread Pool -- 72) WFLYCLINF0003: Stopped http-remoting-connector cache from ejb container
2021-08-11 15:59:17,656 INFO  [org.infinispan.manager.DefaultCacheManager] (ServerService Thread Pool -- 72) Stopping cache manager null on null
2021-08-11 15:59:17,664 INFO  [org.jboss.as] (MSC service thread 1-1) WFLYSRV0050: Keycloak 15.0.1 (WildFly Core 15.0.1.Final) stopped in 295ms
